<?xml version="1.0" encoding="UTF-8"?>
<!-- Generated by org.testng.reporters.JUnitXMLReporter -->
<testsuite ignored="0" hostname="MBP-de-Yusuf" failures="1" tests="1" name="Command line test" time="25.848" errors="0" timestamp="2022-04-14T02:22:18 CEST">
  <testcase classname="com.draganddrop.tests.DragAndDropTest" name="dragAndDropTest" time="25.706">
    <failure type="java.lang.AssertionError" message="expected [Madrid] but found []">
      <![CDATA[java.lang.AssertionError: expected [Madrid] but found []
at com.draganddrop.tests.DragAndDropTest.dragAndDropTest(DragAndDropTest.java:37)
at java.base/java.util.ArrayList.forEach(ArrayList.java:1511)
... Removed 42 stack frames]]>
    </failure>
  </testcase> <!-- dragAndDropTest -->
</testsuite> <!-- Command line test -->
