<?xml version="1.0" encoding="UTF-8" ?>
<testsuite tests="1" failures="1" name="TestSuite" time="25.711" errors="0" skipped="0">
  <properties>
[...]
</properties>
  <testcase classname="com.draganddrop.tests.DragAndDropTest" name="dragAndDropTest" time="25.711">
    <failure message="expected [Madrid] but found []" type="java.lang.AssertionError">java.lang.AssertionError: expected [Madrid] but found []
	at org.testng.Assert.fail(Assert.java:97)
	at org.testng.Assert.assertEqualsImpl(Assert.java:136)
	at org.testng.Assert.assertEquals(Assert.java:118)
	at org.testng.Assert.assertEquals(Assert.java:575)
	at org.testng.Assert.assertEquals(Assert.java:585)
	at com.draganddrop.tests.DragAndDropTest.dragAndDropTest(DragAndDropTest.java:37)
</failure>
    <system-out>Configuring TestNG with: org.apache.maven.surefire.testng.conf.TestNG652Configurator@75412c2f
</system-out>
    <system-err>[main] INFO io.github.bonigarcia.wdm.WebDriverManager - Please answer the following questionnaire based on your experience with WebDriverManager. Thanks a lot!
[main] INFO io.github.bonigarcia.wdm.WebDriverManager - ====&gt; http://tiny.cc/wdm-survey &lt;====
[main] INFO io.github.bonigarcia.wdm.WebDriverManager - Using chromedriver 100.0.4896.60 (since Chrome 100 is installed in your machine)
[main] INFO io.github.bonigarcia.wdm.WebDriverManager - Exporting webdriver.chrome.driver as /Users/yusufcelik/.m2/repository/webdriver/chromedriver/mac64/100.0.4896.60/chromedriver
Starting ChromeDriver 100.0.4896.60 (6a5d10861ce8de5fce22564658033b43cb7de047-refs/branch-heads/4896@{#875}) on port 48313
Only local connections are allowed.
Please see https://chromedriver.chromium.org/security-considerations for suggestions on keeping ChromeDriver safe.
ChromeDriver was started successfully.
Apr 14, 2022 2:21:50 AM org.openqa.selenium.remote.ProtocolHandshake createSession
INFO: Detected dialect: W3C
</system-err>
  </testcase>
</testsuite>