<?xml version="1.0" encoding="UTF-8"?>
<testng-results ignored="0" total="1" passed="1" failed="0" skipped="0">
  <reporter-output>
  </reporter-output>
  <suite started-at="2022-04-20T01:27:24 CEST" name="Command line suite" finished-at="2022-04-20T01:28:16 CEST" duration-ms="52175">
    <groups>
    </groups>
    <test started-at="2022-04-20T01:27:24 CEST" name="Command line test" finished-at="2022-04-20T01:28:16 CEST" duration-ms="52175">
      <class name="com.draganddrop.DragAndDropTest">
        <test-method signature="dragAndDropTest()[pri:0, instance:com.draganddrop.DragAndDropTest@44c8afef]" started-at="2022-04-20T01:27:24 CEST" name="dragAndDropTest" finished-at="2022-04-20T01:28:16 CEST" duration-ms="52040" status="PASS">
          <reporter-output>
          </reporter-output>
        </test-method> <!-- dragAndDropTest -->
      </class> <!-- com.draganddrop.DragAndDropTest -->
      <class name="com.utilities.TestBaseFinal">
        <test-method is-config="true" signature="setUpTest()[pri:0, instance:com.utilities.TestBaseFinal@cb51256]" started-at="2022-04-20T01:27:24 CEST" name="setUpTest" finished-at="2022-04-20T01:27:24 CEST" duration-ms="112" status="PASS">
          <reporter-output>
          </reporter-output>
        </test-method> <!-- setUpTest -->
        <test-method is-config="true" signature="tearDownTest()[pri:0, instance:com.utilities.TestBaseFinal@cb51256]" started-at="2022-04-20T01:28:16 CEST" name="tearDownTest" finished-at="2022-04-20T01:28:16 CEST" duration-ms="3" status="PASS">
          <reporter-output>
          </reporter-output>
        </test-method> <!-- tearDownTest -->
      </class> <!-- com.utilities.TestBaseFinal -->
    </test> <!-- Command line test -->
  </suite> <!-- Command line suite -->
</testng-results>
